<?xml version="1.0" encoding="UTF-8" ?>
<testsuite tests="29" failures="0" name="fr.noop.subtitle.stl.StlParserTest" time="0.134" errors="0" skipped="0">
  <properties>
    <property name="java.runtime.name" value="Java(TM) SE Runtime Environment"/>
    <property name="java.vm.version" value="15.0.1+9-18"/>
    <property name="sun.boot.library.path" value="/Library/Java/JavaVirtualMachines/jdk-15.0.1.jdk/Contents/Home/lib"/>
    <property name="maven.multiModuleProjectDirectory" value="/Users/anastasia/IdeaProjects/MusicRecognition/3dparty/subtitle-master"/>
    <property name="java.vm.vendor" value="Oracle Corporation"/>
    <property name="java.vendor.url" value="https://java.oracle.com/"/>
    <property name="guice.disable.misplaced.annotation.check" value="true"/>
    <property name="path.separator" value=":"/>
    <property name="java.vm.name" value="Java HotSpot(TM) 64-Bit Server VM"/>
    <property name="user.country" value="RU"/>
    <property name="sun.java.launcher" value="SUN_STANDARD"/>
    <property name="java.vm.specification.name" value="Java Virtual Machine Specification"/>
    <property name="user.dir" value="/Users/anastasia/IdeaProjects/MusicRecognition/3dparty/subtitle-master"/>
    <property name="java.vm.compressedOopsMode" value="Zero based"/>
    <property name="java.runtime.version" value="15.0.1+9-18"/>
    <property name="os.arch" value="x86_64"/>
    <property name="java.io.tmpdir" value="/var/folders/0r/x9d54wfj4216vr_rrx_dpwx00000gn/T/"/>
    <property name="line.separator" value="
"/>
    <property name="java.vm.specification.vendor" value="Oracle Corporation"/>
    <property name="os.name" value="Mac OS X"/>
    <property name="classworlds.conf" value="/usr/local/Cellar/maven/3.6.3_1/libexec/bin/m2.conf"/>
    <property name="sun.jnu.encoding" value="UTF-8"/>
    <property name="java.library.path" value="/Users/anastasia/Library/Java/Extensions:/Library/Java/Extensions:/Network/Library/Java/Extensions:/System/Library/Java/Extensions:/usr/lib/java:."/>
    <property name="maven.conf" value="/usr/local/Cellar/maven/3.6.3_1/libexec/conf"/>
    <property name="jdk.debug" value="release"/>
    <property name="java.class.version" value="59.0"/>
    <property name="java.specification.name" value="Java Platform API Specification"/>
    <property name="sun.management.compiler" value="HotSpot 64-Bit Tiered Compilers"/>
    <property name="os.version" value="10.15.7"/>
    <property name="library.jansi.path" value="/usr/local/Cellar/maven/3.6.3_1/libexec/lib/jansi-native"/>
    <property name="http.nonProxyHosts" value="local|*.local|169.254/16|*.169.254/16"/>
    <property name="user.home" value="/Users/anastasia"/>
    <property name="user.timezone" value="Europe/Moscow"/>
    <property name="file.encoding" value="UTF-8"/>
    <property name="java.specification.version" value="15"/>
    <property name="user.name" value="anastasia"/>
    <property name="java.class.path" value="/usr/local/Cellar/maven/3.6.3_1/libexec/boot/plexus-classworlds-2.6.0.jar"/>
    <property name="java.vm.specification.version" value="15"/>
    <property name="sun.arch.data.model" value="64"/>
    <property name="sun.java.command" value="org.codehaus.plexus.classworlds.launcher.Launcher package"/>
    <property name="java.home" value="/Library/Java/JavaVirtualMachines/jdk-15.0.1.jdk/Contents/Home"/>
    <property name="user.language" value="ru"/>
    <property name="java.specification.vendor" value="Oracle Corporation"/>
    <property name="java.vm.info" value="mixed mode, sharing"/>
    <property name="java.version" value="15.0.1"/>
    <property name="java.vendor" value="Oracle Corporation"/>
    <property name="maven.home" value="/usr/local/Cellar/maven/3.6.3_1/libexec"/>
    <property name="file.separator" value="/"/>
    <property name="java.version.date" value="2020-10-20"/>
    <property name="java.vendor.url.bug" value="https://bugreport.java.com/bugreport/"/>
    <property name="sun.io.unicode.encoding" value="UnicodeBig"/>
    <property name="sun.cpu.endian" value="little"/>
    <property name="socksNonProxyHosts" value="local|*.local|169.254/16|*.169.254/16"/>
    <property name="ftp.nonProxyHosts" value="local|*.local|169.254/16|*.169.254/16"/>
  </properties>
  <testcase classname="fr.noop.subtitle.stl.StlParserTest" name="testCueRegion2" time="0.063"/>
  <testcase classname="fr.noop.subtitle.stl.StlParserTest" name="testGsiCd" time="0.006"/>
  <testcase classname="fr.noop.subtitle.stl.StlParserTest" name="testGsiCo" time="0.005"/>
  <testcase classname="fr.noop.subtitle.stl.StlParserTest" name="testGsiEn" time="0.003"/>
  <testcase classname="fr.noop.subtitle.stl.StlParserTest" name="testGsiRd" time="0.004"/>
  <testcase classname="fr.noop.subtitle.stl.StlParserTest" name="testGsiRn" time="0.003"/>
  <testcase classname="fr.noop.subtitle.stl.StlParserTest" name="testGsiTn" time="0.004"/>
  <testcase classname="fr.noop.subtitle.stl.StlParserTest" name="testTtiJc" time="0.003"/>
  <testcase classname="fr.noop.subtitle.stl.StlParserTest" name="testTtiSn" time="0.002"/>
  <testcase classname="fr.noop.subtitle.stl.StlParserTest" name="testTtiVp" time="0.003"/>
  <testcase classname="fr.noop.subtitle.stl.StlParserTest" name="testCueLines" time="0.002"/>
  <testcase classname="fr.noop.subtitle.stl.StlParserTest" name="testGsiCct" time="0.003"/>
  <testcase classname="fr.noop.subtitle.stl.StlParserTest" name="testGsiCpn" time="0.003"/>
  <testcase classname="fr.noop.subtitle.stl.StlParserTest" name="testGsiDfc" time="0.002"/>
  <testcase classname="fr.noop.subtitle.stl.StlParserTest" name="testGsiDsc" time="0.002"/>
  <testcase classname="fr.noop.subtitle.stl.StlParserTest" name="testGsiMnc" time="0.003"/>
  <testcase classname="fr.noop.subtitle.stl.StlParserTest" name="testGsiMnr" time="0.002"/>
  <testcase classname="fr.noop.subtitle.stl.StlParserTest" name="testGsiOet" time="0.002"/>
  <testcase classname="fr.noop.subtitle.stl.StlParserTest" name="testGsiOpt" time="0.002"/>
  <testcase classname="fr.noop.subtitle.stl.StlParserTest" name="testGsiPub" time="0.002"/>
  <testcase classname="fr.noop.subtitle.stl.StlParserTest" name="testGsiTcf" time="0.002"/>
  <testcase classname="fr.noop.subtitle.stl.StlParserTest" name="testGsiTcp" time="0.002"/>
  <testcase classname="fr.noop.subtitle.stl.StlParserTest" name="testGsiTet" time="0.001"/>
  <testcase classname="fr.noop.subtitle.stl.StlParserTest" name="testGsiTnb" time="0.002"/>
  <testcase classname="fr.noop.subtitle.stl.StlParserTest" name="testGsiTns" time="0.002"/>
  <testcase classname="fr.noop.subtitle.stl.StlParserTest" name="testGsiTpt" time="0.001"/>
  <testcase classname="fr.noop.subtitle.stl.StlParserTest" name="testTtiTci" time="0.002"/>
  <testcase classname="fr.noop.subtitle.stl.StlParserTest" name="testTtiTco" time="0.001"/>
  <testcase classname="fr.noop.subtitle.stl.StlParserTest" name="testCueRegion" time="0.002"/>
</testsuite>